<?xml version="1.0" encoding="UTF-8"?>
<!-- Generated by org.testng.reporters.JUnitReportReporter -->
<testsuite skipped="0" hostname="LAPTOP-AT8IBCIK" name="Test.TaskII" tests="6" failures="0" timestamp="14 Feb 2021 21:03:34 GMT" time="82.897" errors="0">
  <testcase name="Test1" time="20.087" classname="Test.TaskII"/>
  <testcase name="Test2" time="4.673" classname="Test.TaskII"/>
  <testcase name="Test3" time="15.130" classname="Test.TaskII"/>
  <testcase name="Test3" time="14.648" classname="Test.TaskII"/>
  <testcase name="Test4" time="14.261" classname="Test.TaskII"/>
  <testcase name="Test4" time="14.098" classname="Test.TaskII"/>
</testsuite> <!-- Test.TaskII -->
