<?xml version="1.0" encoding="UTF-8"?>
<!-- Generated by org.testng.reporters.JUnitReportReporter -->
<testsuite skipped="0" hostname="LAPTOP-AT8IBCIK" name="Test.TaskI" tests="3" failures="0" timestamp="14 Feb 2021 20:50:55 GMT" time="4.342" errors="0">
  <testcase name="Test1" time="2.460" classname="Test.TaskI"/>
  <testcase name="Test2" time="1.008" classname="Test.TaskI"/>
  <testcase name="Test3" time="0.874" classname="Test.TaskI"/>
</testsuite> <!-- Test.TaskI -->
