<?xml version="1.0" encoding="UTF-8"?>
<!-- Generated by org.testng.reporters.JUnitReportReporter -->
<testsuite name="Test.TaskI" tests="3" time="5.046" ignored="0" failures="0" timestamp="14 Feb 2021 21:19:52 GMT" skipped="0" hostname="LAPTOP-AT8IBCIK" errors="0">
  <testcase name="Test2" time="1.091" classname="Test.TaskI"/>
  <testcase name="Test1" time="3.063" classname="Test.TaskI"/>
  <testcase name="Test3" time="0.892" classname="Test.TaskI"/>
</testsuite> <!-- Test.TaskI -->
