<?xml version="1.0" encoding="UTF-8"?>
<!-- Generated by org.testng.reporters.JUnitReportReporter -->
<testsuite ignored="2" hostname="luxolo-HP-EliteBook-8560p" failures="0" tests="1" name="Test.TaskI" time="0.528" errors="0" timestamp="10 May 2023 22:35:15 GMT" skipped="0">
  <testcase classname="Test.TaskI" name="Test1" time="0.528"/>
  <testcase classname="Test.TaskI" name="Test2">
    <skipped/>
  </testcase> <!-- Test2 -->
  <testcase classname="Test.TaskI" name="Test3">
    <skipped/>
  </testcase> <!-- Test3 -->
</testsuite> <!-- Test.TaskI -->
