<?xml version="1.0" encoding="UTF-8"?>
<!-- Generated by org.testng.reporters.JUnitReportReporter -->
<testsuite name="Test.TaskII" tests="6" time="72.439" ignored="0" failures="0" timestamp="14 Feb 2021 21:19:52 GMT" skipped="0" hostname="LAPTOP-AT8IBCIK" errors="0">
  <testcase name="Test1" time="8.854" classname="Test.TaskII"/>
  <testcase name="Test3" time="15.340" classname="Test.TaskII"/>
  <testcase name="Test3" time="15.363" classname="Test.TaskII"/>
  <testcase name="Test4" time="14.196" classname="Test.TaskII"/>
  <testcase name="Test4" time="14.043" classname="Test.TaskII"/>
  <testcase name="Test2" time="4.643" classname="Test.TaskII"/>
</testsuite> <!-- Test.TaskII -->
